  InfLine_LXu.cpp
x:\cs stuff\opencv\build\include\opencv2\core\mat.hpp(2586): warning C4819: The file contains a character that cannot be represented in the current code page (936). Save the file in Unicode format to prevent data loss
x:\cs stuff\opencv\build\include\opencv2\core\persistence.hpp : warning C4819: The file contains a character that cannot be represented in the current code page (936). Save the file in Unicode format to prevent data loss
x:\cs stuff\opencv\build\include\opencv2\core\utility.hpp : warning C4819: The file contains a character that cannot be represented in the current code page (936). Save the file in Unicode format to prevent data loss
x:\cs stuff\opencv\build\include\opencv2\core\utility.hpp : warning C4819: The file contains a character that cannot be represented in the current code page (936). Save the file in Unicode format to prevent data loss
x:\cs stuff\opencv\build\include\opencv2\imgproc.hpp(592): warning C4819: The file contains a character that cannot be represented in the current code page (936). Save the file in Unicode format to prevent data loss
x:\cs stuff\vs proj\csce 643 project1_xu\csce 643 project1_xu\infline_lxu.cpp(110): warning C4244: 'argument': conversion from 'double' to 'int', possible loss of data
InfLine_LXu.obj : error LNK2019: unresolved external symbol "void __cdecl cv::fastFree(void *)" (?fastFree@cv@@YAXPAX@Z) referenced in function "public: __thiscall cv::Mat::~Mat(void)" (??1Mat@cv@@QAE@XZ)
InfLine_LXu.obj : error LNK2019: unresolved external symbol "private: char * __thiscall cv::String::allocate(unsigned int)" (?allocate@String@cv@@AAEPADI@Z) referenced in function "public: __thiscall cv::String::String(class cv::String const &,unsigned int,unsigned int)" (??0String@cv@@QAE@ABV01@II@Z)
InfLine_LXu.obj : error LNK2019: unresolved external symbol "private: void __thiscall cv::String::deallocate(void)" (?deallocate@String@cv@@AAEXXZ) referenced in function "public: __thiscall cv::String::~String(void)" (??1String@cv@@QAE@XZ)
InfLine_LXu.obj : error LNK2019: unresolved external symbol "void __cdecl cv::error(int,class cv::String const &,char const *,char const *,int)" (?error@cv@@YAXHABVString@1@PBD1H@Z) referenced in function "public: double & __thiscall cv::Mat::at<double>(int)" (??$at@N@Mat@cv@@QAEAANH@Z)
InfLine_LXu.obj : error LNK2019: unresolved external symbol "class cv::_InputOutputArray const & __cdecl cv::noArray(void)" (?noArray@cv@@YAABV_InputOutputArray@1@XZ) referenced in function "class cv::Mat __cdecl correct_distortion(class cv::Mat,class cv::Mat,class cv::String,class cv::String)" (?correct_distortion@@YA?AVMat@cv@@V12@0VString@2@1@Z)
InfLine_LXu.obj : error LNK2019: unresolved external symbol "public: __thiscall cv::Mat::Mat(class cv::Mat const &,class cv::Range const &,class cv::Range const &)" (??0Mat@cv@@QAE@ABV01@ABVRange@1@1@Z) referenced in function "public: class cv::Mat __thiscall cv::Mat::row(int)const " (?row@Mat@cv@@QBE?AV12@H@Z)
InfLine_LXu.obj : error LNK2019: unresolved external symbol "public: static class cv::Mat __cdecl cv::Mat::diag(class cv::Mat const &)" (?diag@Mat@cv@@SA?AV12@ABV12@@Z) referenced in function "class cv::Mat __cdecl homography_affine(class cv::Mat)" (?homography_affine@@YA?AVMat@cv@@V12@@Z)
InfLine_LXu.obj : error LNK2019: unresolved external symbol "public: void __thiscall cv::Mat::copyTo(class cv::_OutputArray const &)const " (?copyTo@Mat@cv@@QBEXABV_OutputArray@2@@Z) referenced in function "public: __thiscall cv::Mat::Mat<class cv::Point3_<double> >(class std::vector<class cv::Point3_<double>,class std::allocator<class cv::Point3_<double> > > const &,bool)" (??$?0V?$Point3_@N@cv@@@Mat@cv@@QAE@ABV?$vector@V?$Point3_@N@cv@@V?$allocator@V?$Point3_@N@cv@@@std@@@std@@_N@Z)
InfLine_LXu.obj : error LNK2019: unresolved external symbol "public: class cv::Mat __thiscall cv::Mat::reshape(int,int)const " (?reshape@Mat@cv@@QBE?AV12@HH@Z) referenced in function "class cv::Mat __cdecl correct_distortion(class cv::Mat,class cv::Mat,class cv::String,class cv::String)" (?correct_distortion@@YA?AVMat@cv@@V12@0VString@2@1@Z)
InfLine_LXu.obj : error LNK2019: unresolved external symbol "public: class cv::MatExpr __thiscall cv::Mat::t(void)const " (?t@Mat@cv@@QBE?AVMatExpr@2@XZ) referenced in function "class cv::Mat __cdecl correct_distortion(class cv::Mat,class cv::Mat,class cv::String,class cv::String)" (?correct_distortion@@YA?AVMat@cv@@V12@0VString@2@1@Z)
InfLine_LXu.obj : error LNK2019: unresolved external symbol "public: class cv::MatExpr __thiscall cv::Mat::inv(int)const " (?inv@Mat@cv@@QBE?AVMatExpr@2@H@Z) referenced in function "class cv::Mat __cdecl correct_distortion(class cv::Mat,class cv::Mat,class cv::String,class cv::String)" (?correct_distortion@@YA?AVMat@cv@@V12@0VString@2@1@Z)
InfLine_LXu.obj : error LNK2019: unresolved external symbol "public: class cv::MatExpr __thiscall cv::Mat::mul(class cv::_InputArray const &,double)const " (?mul@Mat@cv@@QBE?AVMatExpr@2@ABV_InputArray@2@N@Z) referenced in function "class cv::Mat __cdecl correct_distortion(class cv::Mat,class cv::Mat,class cv::String,class cv::String)" (?correct_distortion@@YA?AVMat@cv@@V12@0VString@2@1@Z)
InfLine_LXu.obj : error LNK2019: unresolved external symbol "public: static class cv::MatExpr __cdecl cv::Mat::eye(int,int,int)" (?eye@Mat@cv@@SA?AVMatExpr@2@HHH@Z) referenced in function "class cv::Mat __cdecl homography_projective(void)" (?homography_projective@@YA?AVMat@cv@@XZ)
InfLine_LXu.obj : error LNK2019: unresolved external symbol "public: void __thiscall cv::Mat::create(int,int const *,int)" (?create@Mat@cv@@QAEXHPBHH@Z) referenced in function "public: void __thiscall cv::Mat::create(int,int,int)" (?create@Mat@cv@@QAEXHHH@Z)
InfLine_LXu.obj : error LNK2019: unresolved external symbol "public: void __thiscall cv::Mat::deallocate(void)" (?deallocate@Mat@cv@@QAEXXZ) referenced in function "public: void __thiscall cv::Mat::release(void)" (?release@Mat@cv@@QAEXXZ)
InfLine_LXu.obj : error LNK2019: unresolved external symbol "public: void __thiscall cv::Mat::copySize(class cv::Mat const &)" (?copySize@Mat@cv@@QAEXABV12@@Z) referenced in function "public: __thiscall cv::Mat::Mat(class cv::Mat const &)" (??0Mat@cv@@QAE@ABV01@@Z)
InfLine_LXu.obj : error LNK2019: unresolved external symbol "public: class cv::MatExpr __thiscall cv::MatExpr::t(void)const " (?t@MatExpr@cv@@QBE?AV12@XZ) referenced in function "class cv::Mat __cdecl homography_affine(class cv::Mat)" (?homography_affine@@YA?AVMat@cv@@V12@@Z)
InfLine_LXu.obj : error LNK2019: unresolved external symbol "class cv::MatExpr __cdecl cv::operator*(class cv::Mat const &,class cv::Mat const &)" (??Dcv@@YA?AVMatExpr@0@ABVMat@0@0@Z) referenced in function "class cv::Mat __cdecl correct_distortion(class cv::Mat,class cv::Mat,class cv::String,class cv::String)" (?correct_distortion@@YA?AVMat@cv@@V12@0VString@2@1@Z)
InfLine_LXu.obj : error LNK2019: unresolved external symbol "class cv::MatExpr __cdecl cv::operator*(class cv::MatExpr const &,class cv::Mat const &)" (??Dcv@@YA?AVMatExpr@0@ABV10@ABVMat@0@@Z) referenced in function "class cv::Mat __cdecl homography_affine(class cv::Mat)" (?homography_affine@@YA?AVMat@cv@@V12@@Z)
InfLine_LXu.obj : error LNK2019: unresolved external symbol "class cv::MatExpr __cdecl cv::operator*(class cv::MatExpr const &,class cv::MatExpr const &)" (??Dcv@@YA?AVMatExpr@0@ABV10@0@Z) referenced in function "class cv::Mat __cdecl correct_distortion(class cv::Mat,class cv::Mat,class cv::String,class cv::String)" (?correct_distortion@@YA?AVMat@cv@@V12@0VString@2@1@Z)
InfLine_LXu.obj : error LNK2019: unresolved external symbol "class cv::MatExpr __cdecl cv::operator/(double,class cv::Mat const &)" (??Kcv@@YA?AVMatExpr@0@NABVMat@0@@Z) referenced in function "class cv::Mat __cdecl correct_distortion(class cv::Mat,class cv::Mat,class cv::String,class cv::String)" (?correct_distortion@@YA?AVMat@cv@@V12@0VString@2@1@Z)
InfLine_LXu.obj : error LNK2019: unresolved external symbol "void __cdecl cv::minMaxLoc(class cv::_InputArray const &,double *,double *,class cv::Point_<int> *,class cv::Point_<int> *,class cv::_InputArray const &)" (?minMaxLoc@cv@@YAXABV_InputArray@1@PAN1PAV?$Point_@H@1@20@Z) referenced in function "class cv::Mat __cdecl correct_distortion(class cv::Mat,class cv::Mat,class cv::String,class cv::String)" (?correct_distortion@@YA?AVMat@cv@@V12@0VString@2@1@Z)
InfLine_LXu.obj : error LNK2019: unresolved external symbol "void __cdecl cv::hconcat(class cv::_InputArray const &,class cv::_InputArray const &,class cv::_OutputArray const &)" (?hconcat@cv@@YAXABV_InputArray@1@0ABV_OutputArray@1@@Z) referenced in function "class cv::Mat __cdecl homography_affine(class cv::Mat)" (?homography_affine@@YA?AVMat@cv@@V12@@Z)
InfLine_LXu.obj : error LNK2019: unresolved external symbol "void __cdecl cv::vconcat(class cv::_InputArray const &,class cv::_InputArray const &,class cv::_OutputArray const &)" (?vconcat@cv@@YAXABV_InputArray@1@0ABV_OutputArray@1@@Z) referenced in function "class cv::Mat __cdecl homography_affine(class cv::Mat)" (?homography_affine@@YA?AVMat@cv@@V12@@Z)
InfLine_LXu.obj : error LNK2019: unresolved external symbol "void __cdecl cv::pow(class cv::_InputArray const &,double,class cv::_OutputArray const &)" (?pow@cv@@YAXABV_InputArray@1@NABV_OutputArray@1@@Z) referenced in function "class cv::Mat __cdecl homography_affine(class cv::Mat)" (?homography_affine@@YA?AVMat@cv@@V12@@Z)
InfLine_LXu.obj : error LNK2019: unresolved external symbol "public: static void __cdecl cv::SVD::compute(class cv::_InputArray const &,class cv::_OutputArray const &,class cv::_OutputArray const &,class cv::_OutputArray const &,int)" (?compute@SVD@cv@@SAXABV_InputArray@2@ABV_OutputArray@2@11H@Z) referenced in function "class cv::Mat __cdecl homography_affine(class cv::Mat)" (?homography_affine@@YA?AVMat@cv@@V12@@Z)
InfLine_LXu.obj : error LNK2019: unresolved external symbol "public: static struct cv::Ptr<class cv::Formatter> __cdecl cv::Formatter::get(int)" (?get@Formatter@cv@@SA?AU?$Ptr@VFormatter@cv@@@2@H@Z) referenced in function "class std::basic_ostream<char,struct std::char_traits<char> > & __cdecl cv::operator<<<double>(class std::basic_ostream<char,struct std::char_traits<char> > &,class std::vector<class cv::Point3_<double>,class std::allocator<class cv::Point3_<double> > > const &)" (??$?6N@cv@@YAAAV?$basic_ostream@DU?$char_traits@D@std@@@std@@AAV12@ABV?$vector@V?$Point3_@N@cv@@V?$allocator@V?$Point3_@N@cv@@@std@@@2@@Z)
InfLine_LXu.obj : error LNK2019: unresolved external symbol "class cv::Mat __cdecl cv::imread(class cv::String const &,int)" (?imread@cv@@YA?AVMat@1@ABVString@1@H@Z) referenced in function _main
InfLine_LXu.obj : error LNK2019: unresolved external symbol "void __cdecl cv::namedWindow(class cv::String const &,int)" (?namedWindow@cv@@YAXABVString@1@H@Z) referenced in function _main
InfLine_LXu.obj : error LNK2019: unresolved external symbol "int __cdecl cv::waitKey(int)" (?waitKey@cv@@YAHH@Z) referenced in function _main
InfLine_LXu.obj : error LNK2019: unresolved external symbol "void __cdecl cv::imshow(class cv::String const &,class cv::_InputArray const &)" (?imshow@cv@@YAXABVString@1@ABV_InputArray@1@@Z) referenced in function "void __cdecl mouse(int,int,int,int,void *)" (?mouse@@YAXHHHHPAX@Z)
InfLine_LXu.obj : error LNK2019: unresolved external symbol _cvSetMouseCallback referenced in function _main
InfLine_LXu.obj : error LNK2019: unresolved external symbol "void __cdecl cv::line(class cv::_InputOutputArray const &,class cv::Point_<int>,class cv::Point_<int>,class cv::Scalar_<double> const &,int,int,int)" (?line@cv@@YAXABV_InputOutputArray@1@V?$Point_@H@1@1ABV?$Scalar_@N@1@HHH@Z) referenced in function "void __cdecl mouse(int,int,int,int,void *)" (?mouse@@YAXHHHHPAX@Z)
InfLine_LXu.obj : error LNK2019: unresolved external symbol "void __cdecl cv::circle(class cv::_InputOutputArray const &,class cv::Point_<int>,int,class cv::Scalar_<double> const &,int,int,int)" (?circle@cv@@YAXABV_InputOutputArray@1@V?$Point_@H@1@HABV?$Scalar_@N@1@HHH@Z) referenced in function "void __cdecl mouse(int,int,int,int,void *)" (?mouse@@YAXHHHHPAX@Z)
X:\CS Stuff\VS Proj\project1.2\Debug\project1.2.exe : fatal error LNK1120: 34 unresolved externals
